<?xml version="1.0" encoding="UTF-8"?>
<!-- Generated by org.testng.reporters.JUnitReportReporter -->
<testsuite skipped="0" hostname="admin-PC" name="com.bank.test.BankTestSuite" tests="3" failures="0" timestamp="07 Apr 2018 12:47:10 GMT" time="81.755" errors="0">
  <testcase name="VerifyCustomerUserLogin" time="19.294" classname="com.bank.test.BankTestSuite"/>
  <testcase name="verifycalculateEMI" time="31.122" classname="com.bank.test.BankTestSuite"/>
  <testcase name="verifyApplyLoan" time="31.339" classname="com.bank.test.BankTestSuite"/>
</testsuite> <!-- com.bank.test.BankTestSuite -->
