<?xml version="1.0" encoding="UTF-8"?>
<!-- Generated by org.testng.reporters.JUnitReportReporter -->
<testsuite skipped="0" hostname="admin-PC" name="com.bank.test.BankTestSuite" tests="1" failures="0" timestamp="06 Apr 2018 11:00:38 GMT" time="14.176" errors="0">
  <testcase name="VerifyGuestUserLogin" time="14.176" classname="com.bank.test.BankTestSuite"/>
</testsuite> <!-- com.bank.test.BankTestSuite -->
