<?xml version="1.0" encoding="UTF-8"?>
<!-- Generated by org.testng.reporters.JUnitReportReporter -->
<testsuite skipped="0" hostname="admin-PC" name="com.bank.test.BankTestSuite2" tests="1" failures="0" timestamp="07 Apr 2018 12:47:10 GMT" time="36.084" errors="0">
  <testcase name="zverifyBankAuthorityPage" time="36.084" classname="com.bank.test.BankTestSuite2"/>
</testsuite> <!-- com.bank.test.BankTestSuite2 -->
